Hmm ... looks like a package
Converting parsed Rd's to LaTeX ..
Creating pdf output from LaTeX ...
Error in texi2dvi(file = file, pdf = TRUE, clean = clean, quiet = quiet,  : 
  Running 'texi2dvi' on 'Rd2.tex' failed.
Messages:
/opt/R/arm64/bin/texi2dvi: makeindex failed
Output:
This is pdfTeX, Version 3.141592653-2.6-1.40.28 (TeX Live 2025) (preloaded format=pdflatex)
 restricted \write18 enabled.
entering extended mode
LaTeX2e <2025-11-01>
L3 programming layer <2026-01-19>
(./Rd2.tex
(/Users/dr.kipingu/Library/TinyTeX/texmf-dist/tex/latex/base/book.cls
Document Class: book 2025/01/22 v1.4n Standard LaTeX document class
(/Users/dr.kipingu/Library/TinyTeX/texmf-dist/tex/latex/base/bk10.clo)) (/Library/Frameworks/R.framework/Resources/share/texmf/tex/latex/Rd.sty (/Users/dr.kipingu/Library/TinyTeX/texmf-dist/tex/latex/base/ifthen.sty) (/Users/dr.kipingu/Library/TinyTeX/texmf-dist/tex/generic/iftex/iftex.sty) (/Users/dr.kipingu/Library/TinyTeX/texmf-dist/tex/latex/tools/longtable.sty) (/Users/dr.kipingu/Library/TinyTeX/texmf-dist/tex/latex/tools/bm.sty) (/Users/dr.kipingu/Library/TinyTeX/texmf-dist/tex/latex/base/alltt.sty) (/Users/dr.kipingu/Library/TinyTeX/texmf-dist/tex/latex/tools/verbatim.sty) (/Users/dr.kipingu/Library/TinyTeX/texmf-dist/tex/latex/url/url.sty) (/Users/dr.kipingu/Library/TinyTeX/texmf-dist/tex/latex/base/textcomp.sty) (/Users/dr.kipingu/Library/TinyTeX/texmf-dist/tex/latex/amsmath/amsmath.sty
For additional information on amsmath, use the `?' option.
(/Users/dr.kipingu/Library/TinyTeX/texmf-dist/tex/latex/amsmath/amstext.sty (/Users/dr.kipingu/Library/TinyTeX/texmf-dist/tex/latex/amsmath/amsgen.sty)) (/Users/dr.kipingu/Library/TinyTeX/texmf-dist/tex/latex/amsmath/amsbsy.sty) (/Users/dr.kipingu/Library/TinyTeX/texmf-dist/tex/latex/amsmath/amsopn.sty)) (/Users/dr.kipingu/Library/TinyTeX/texmf-dist/tex/latex/amsfonts/amsfonts.sty) (/Users/dr.kipingu/Library/TinyTeX/texmf-dist/tex/latex/amsfonts/amssymb.sty) (/Users/dr.kipingu/Library/TinyTeX/texmf-dist/tex/latex/amsfonts/eucal.sty) (/Users/dr.kipingu/Library/TinyTeX/texmf-dist/tex/latex/base/fontenc.sty) (/Users/dr.kipingu/Library/TinyTeX/texmf-dist/tex/latex/psnfss/times.sty) (/Users/dr.kipingu/Library/TinyTeX/texmf-dist/tex/latex/inconsolata/zi4.sty `inconsolata-zi4' v1.12, 2019/05/17 Text macros for Inconsolata (msharpe) (/Users/dr.kipingu/Library/TinyTeX/texmf-dist/tex/latex/xkeyval/xkeyval.sty (/Users/dr.kipingu/Library/TinyTeX/texmf-dist/tex/generic/xkeyval/xkeyval.tex (/Users/dr.kipingu/Library/TinyTeX/texmf-dist/tex/generic/xkeyval/xkvutils.tex (/Users/dr.kipingu/Library/TinyTeX/texmf-dist/tex/generic/xkeyval/keyval.tex))))) (/Users/dr.kipingu/Library/TinyTeX/texmf-dist/tex/latex/graphics/color.sty (/Users/dr.kipingu/Library/TinyTeX/texmf-dist/tex/latex/graphics-cfg/color.cfg) (/Users/dr.kipingu/Library/TinyTeX/texmf-dist/tex/latex/graphics-def/pdftex.def) (/Users/dr.kipingu/Library/TinyTeX/texmf-dist/tex/latex/graphics/mathcolor.ltx)) (/Users/dr.kipingu/Library/TinyTeX/texmf-dist/tex/latex/hyperref/hyperref.sty (/Users/dr.kipingu/Library/TinyTeX/texmf-dist/tex/latex/kvsetkeys/kvsetkeys.sty) (/Users/dr.kipingu/Library/TinyTeX/texmf-dist/tex/generic/kvdefinekeys/kvdefinekeys.sty) (/Users/dr.kipingu/Library/TinyTeX/texmf-dist/tex/generic/pdfescape/pdfescape.sty (/Users/dr.kipingu/Library/TinyTeX/texmf-dist/tex/generic/ltxcmds/ltxcmds.sty) (/Users/dr.kipingu/Library/TinyTeX/texmf-dist/tex/generic/pdftexcmds/pdftexcmds.sty (/Users/dr.kipingu/Library/TinyTeX/texmf-dist/tex/generic/infwarerr/infwarerr.sty))) (/Users/dr.kipingu/Library/TinyTeX/texmf-dist/tex/latex/hycolor/hycolor.sty) (/Users/dr.kipingu/Library/TinyTeX/texmf-dist/tex/latex/hyperref/nameref.sty (/Users/dr.kipingu/Library/TinyTeX/texmf-dist/tex/latex/refcount/refcount.sty) (/Users/dr.kipingu/Library/TinyTeX/texmf-dist/tex/generic/gettitlestring/gettitlestring.sty (/Users/dr.kipingu/Library/TinyTeX/texmf-dist/tex/latex/kvoptions/kvoptions.sty))) (/Users/dr.kipingu/Library/TinyTeX/texmf-dist/tex/latex/etoolbox/etoolbox.sty) (/Users/dr.kipingu/Library/TinyTeX/texmf-dist/tex/generic/stringenc/stringenc.sty) (/Users/dr.kipingu/Library/TinyTeX/texmf-dist/tex/latex/hyperref/pd1enc.def) (/Users/dr.kipingu/Library/TinyTeX/texmf-dist/tex/generic/intcalc/intcalc.sty) (/Users/dr.kipingu/Library/TinyTeX/texmf-dist/tex/latex/hyperref/puenc.def) (/Users/dr.kipingu/Library/TinyTeX/texmf-dist/tex/generic/bitset/bitset.sty (/Users/dr.kipingu/Library/TinyTeX/texmf-dist/tex/generic/bigintcalc/bigintcalc.sty))) (/Users/dr.kipingu/Library/TinyTeX/texmf-dist/tex/latex/hyperref/hpdftex.def (/Users/dr.kipingu/Library/TinyTeX/texmf-dist/tex/latex/rerunfilecheck/rerunfilecheck.sty (/Users/dr.kipingu/Library/TinyTeX/texmf-dist/tex/generic/uniquecounter/uniquecounter.sty)))) (/Users/dr.kipingu/Library/TinyTeX/texmf-dist/tex/latex/base/makeidx.sty)
Writing index file Rd2.idx
(/Users/dr.kipingu/Library/TinyTeX/texmf-dist/tex/latex/psnfss/t1ptm.fd) (/Users/dr.kipingu/Library/TinyTeX/texmf-dist/tex/latex/l3backend/l3backend-pdftex.def) (/private/var/folders/kz/rgdbz2xn6zd8lgvjgb0vzvdc0000gn/T/Rtmp7QVNdi/Rd2pdf2f07af93895/Rd2.aux) (/private/var/folders/kz/rgdbz2xn6zd8lgvjgb0vzvdc0000gn/T/Rtmp7QVNdi/Rd2pdf2f07af93895/Rd2.out) (/private/var/folders/kz/rgdbz2xn6zd8lgvjgb0vzvdc0000gn/T/Rtmp7QVNdi/Rd2pdf2f07af93895/Rd2.out) (/Users/dr.kipingu/Library/TinyTeX/texmf-dist/tex/latex/inconsolata/t1zi4.fd) (/Users/dr.kipingu/Library/TinyTeX/texmf-dist/tex/latex/amsfonts/umsa.fd) (/Users/dr.kipingu/Library/TinyTeX/texmf-dist/tex/latex/amsfonts/umsb.fd) (/private/var/folders/kz/rgdbz2xn6zd8lgvjgb0vzvdc0000gn/T/Rtmp7QVNdi/Rd2pdf2f07af93895/Rd2.toc [1{/Users/dr.kipingu/Library/TinyTeX/texmf-var/fonts/map/pdftex/updmap/pdftex.map}{/Users/dr.kipingu/Library/TinyTeX/texmf-dist/fonts/enc/dvips/base/8r.enc}{/Users/dr.kipingu/Library/TinyTeX/texmf-dist/fonts/enc/dvips/inconsolata/i4-t1-0.enc}]) (/Users/dr.kipingu/Library/TinyTeX/texmf-dist/tex/latex/psnfss/ts1ptm.fd) [2]
Overfull \hbox (39.78627pt too wide) in paragraph at lines 89--92
\T1/ptm/m/n/10 points vari-abil-ity, and a neg-a-tive bi-no-mial dis-tributed out-comes. Uses out-put from `sim.scen.longsfe.comint()`
[3] [4] [5] [6] [7]
Overfull \hbox (5.60687pt too wide) in paragraph at lines 349--352
\T1/ptm/m/n/10 fixed ef-fects for in-ter-ven-tion ('intvn'), ran-dom ef-fects for cham-ber vari-abil-ity, and Poisson-distributed
[8] [9] [10]
Overfull \hbox (35.26624pt too wide) in paragraph at lines 492--494
\T1/ptm/m/n/10 ran-dom ef-fects, or fixed ef-fects (no sam-pling dis-tri-bu-tion), us-ing data sim-u-lated by `sim.mosq.longsfe.sinint`. 
[11] [12] [13] [14] [15] [16] [17] [18] [19] [20] [21] [22] [23]
Overfull \hbox (3.67662pt too wide) in paragraph at lines 1164--1166
\T1/ptm/m/n/10 sim-u-lated mosquito counts data from `sim.mosq.longsfe.sinint()` and fits a neg-a-tive bi-no-mial GLMM
[24] [25] [26] [27] [28] [29]
No file Rd2.ind.
[30] (/private/var/folders/kz/rgdbz2xn6zd8lgvjgb0vzvdc0000gn/T/Rtmp7QVNdi/Rd2pdf2f07af93895/Rd2.aux) )
(see the transcript file for additional information)</Users/dr.kipingu/Library/TinyTeX/texmf-dist/fonts/type1/public/inconsolata/Inconsolata-zi4r.pfb></Users/dr.kipingu/Library/TinyTeX/texmf-dist/fonts/type1/urw/times/utmb8a.pfb></Users/dr.kipingu/Library/TinyTeX/texmf-dist/fonts/type1/urw/times/utmr8a.pfb></Users/dr.kipingu/Library/TinyTeX/texmf-dist/fonts/type1/urw/times/utmr8a.pfb></Users/dr.kipingu/Library/TinyTeX/texmf-dist/fonts/type1/urw/times/utmri8a.pfb>
Output written on Rd2.pdf (30 pages, 134294 bytes).
Transcript written on Rd2.log.
/opt/R/arm64/bin/texi2dvi: line 366: makeindex: command not found

This is pdfTeX, Version 3.141592653-2.6-1.40.28 (TeX Live 2025) (preloaded format=pdflatex)
 restricted \write18 enabled.
entering extended mode
LaTeX2e <2025-11-01>
L3 programming layer <2026-01-19>
(./Rd2.tex
(/Users/dr.kipingu/Library/TinyTeX/texmf-dist/tex/latex/base/book.cls
Document Class: book 2025/01/22 v1.4n Standard LaTeX document class
(/Users/dr.kipingu/Library/TinyTeX/texmf-dist/tex/latex/base/bk10.clo)) (/Library/Frameworks/R.framework/Resources/share/texmf/tex/latex/Rd.sty (/Users/dr.kipingu/Library/TinyTeX/texmf-dist/tex/latex/base/ifthen.sty) (/Users/dr.kipingu/Library/TinyTeX/texmf-dist/tex/generic/iftex/iftex.sty) (/Users/dr.kipingu/Library/TinyTeX/texmf-dist/tex/latex/tools/longtable.sty) (/Users/dr.kipingu/Library/TinyTeX/texmf-dist/tex/latex/tools/bm.sty) (/Users/dr.kipingu/Library/TinyTeX/texmf-dist/tex/latex/base/alltt.sty) (/Users/dr.kipingu/Library/TinyTeX/texmf-dist/tex/latex/tools/verbatim.sty) (/Users/dr.kipingu/Library/TinyTeX/texmf-dist/tex/latex/url/url.sty) (/Users/dr.kipingu/Library/TinyTeX/texmf-dist/tex/latex/base/textcomp.sty) (/Users/dr.kipingu/Library/TinyTeX/texmf-dist/tex/latex/amsmath/amsmath.sty
For additional information on amsmath, use the `?' option.
(/Users/dr.kipingu/Library/TinyTeX/texmf-dist/tex/latex/amsmath/amstext.sty (/Users/dr.kipingu/Library/TinyTeX/texmf-dist/tex/latex/amsmath/amsgen.sty)) (/Users/dr.kipingu/Library/TinyTeX/texmf-dist/tex/latex/amsmath/amsbsy.sty) (/Users/dr.kipingu/Library/TinyTeX/texmf-dist/tex/latex/amsmath/amsopn.sty)) (/Users/dr.kipingu/Library/TinyTeX/texmf-dist/tex/latex/amsfonts/amsfonts.sty) (/Users/dr.kipingu/Library/TinyTeX/texmf-dist/tex/latex/amsfonts/amssymb.sty) (/Users/dr.kipingu/Library/TinyTeX/texmf-dist/tex/latex/amsfonts/eucal.sty) (/Users/dr.kipingu/Library/TinyTeX/texmf-dist/tex/latex/base/fontenc.sty) (/Users/dr.kipingu/Library/TinyTeX/texmf-dist/tex/latex/psnfss/times.sty) (/Users/dr.kipingu/Library/TinyTeX/texmf-dist/tex/latex/inconsolata/zi4.sty `inconsolata-zi4' v1.12, 2019/05/17 Text macros for Inconsolata (msharpe) (/Users/dr.kipingu/Library/TinyTeX/texmf-dist/tex/latex/xkeyval/xkeyval.sty (/Users/dr.kipingu/Library/TinyTeX/texmf-dist/tex/generic/xkeyval/xkeyval.tex (/Users/dr.kipingu/Library/TinyTeX/texmf-dist/tex/generic/xkeyval/xkvutils.tex (/Users/dr.kipingu/Library/TinyTeX/texmf-dist/tex/generic/xkeyval/keyval.tex))))) (/Users/dr.kipingu/Library/TinyTeX/texmf-dist/tex/latex/graphics/color.sty (/Users/dr.kipingu/Library/TinyTeX/texmf-dist/tex/latex/graphics-cfg/color.cfg) (/Users/dr.kipingu/Library/TinyTeX/texmf-dist/tex/latex/graphics-def/pdftex.def) (/Users/dr.kipingu/Library/TinyTeX/texmf-dist/tex/latex/graphics/mathcolor.ltx)) (/Users/dr.kipingu/Library/TinyTeX/texmf-dist/tex/latex/hyperref/hyperref.sty (/Users/dr.kipingu/Library/TinyTeX/texmf-dist/tex/latex/kvsetkeys/kvsetkeys.sty) (/Users/dr.kipingu/Library/TinyTeX/texmf-dist/tex/generic/kvdefinekeys/kvdefinekeys.sty) (/Users/dr.kipingu/Library/TinyTeX/texmf-dist/tex/generic/pdfescape/pdfescape.sty (/Users/dr.kipingu/Library/TinyTeX/texmf-dist/tex/generic/ltxcmds/ltxcmds.sty) (/Users/dr.kipingu/Library/TinyTeX/texmf-dist/tex/generic/pdftexcmds/pdftexcmds.sty (/Users/dr.kipingu/Library/TinyTeX/texmf-dist/tex/generic/infwarerr/infwarerr.sty))) (/Users/dr.kipingu/Library/TinyTeX/texmf-dist/tex/latex/hycolor/hycolor.sty) (/Users/dr.kipingu/Library/TinyTeX/texmf-dist/tex/latex/hyperref/nameref.sty (/Users/dr.kipingu/Library/TinyTeX/texmf-dist/tex/latex/refcount/refcount.sty) (/Users/dr.kipingu/Library/TinyTeX/texmf-dist/tex/generic/gettitlestring/gettitlestring.sty (/Users/dr.kipingu/Library/TinyTeX/texmf-dist/tex/latex/kvoptions/kvoptions.sty))) (/Users/dr.kipingu/Library/TinyTeX/texmf-dist/tex/latex/etoolbox/etoolbox.sty) (/Users/dr.kipingu/Library/TinyTeX/texmf-dist/tex/generic/stringenc/stringenc.sty) (/Users/dr.kipingu/Library/TinyTeX/texmf-dist/tex/latex/hyperref/pd1enc.def) (/Users/dr.kipingu/Library/TinyTeX/texmf-dist/tex/generic/intcalc/intcalc.sty) (/Users/dr.kipingu/Library/TinyTeX/texmf-dist/tex/latex/hyperref/puenc.def) (/Users/dr.kipingu/Library/TinyTeX/texmf-dist/tex/generic/bitset/bitset.sty (/Users/dr.kipingu/Library/TinyTeX/texmf-dist/tex/generic/bigintcalc/bigintcalc.sty))) (/Users/dr.kipingu/Library/TinyTeX/texmf-dist/tex/latex/hyperref/hpdftex.def (/Users/dr.kipingu/Library/TinyTeX/texmf-dist/tex/latex/rerunfilecheck/rerunfilecheck.sty (/Users/dr.kipingu/Library/TinyTeX/texmf-dist/tex/generic/uniquecounter/uniquecounter.sty)))) (/Users/dr.kipingu/Library/TinyTeX/texmf-dist/tex/latex/base/makeidx.sty)
Writing index file Rd2.idx
(/Users/dr.kipingu/Library/TinyTeX/texmf-dist/tex/latex/psnfss/t1ptm.fd) (/Users/dr.kipingu/Library/TinyTeX/texmf-dist/tex/latex/l3backend/l3backend-pdftex.def) (/private/var/folders/kz/rgdbz2xn6zd8lgvjgb0vzvdc0000gn/T/Rtmp7QVNdi/Rd2pdf2f07af93895/Rd2.aux) (/private/var/folders/kz/rgdbz2xn6zd8lgvjgb0vzvdc0000gn/T/Rtmp7QVNdi/Rd2pdf2f07af93895/Rd2.out) (/private/var/folders/kz/rgdbz2xn6zd8lgvjgb0vzvdc0000gn/T/Rtmp7QVNdi/Rd2pdf2f07af93895/Rd2.out) (/Users/dr.kipingu/Library/TinyTeX/texmf-dist/tex/latex/inconsolata/t1zi4.fd) (/Users/dr.kipingu/Library/TinyTeX/texmf-dist/tex/latex/amsfonts/umsa.fd) (/Users/dr.kipingu/Library/TinyTeX/texmf-dist/tex/latex/amsfonts/umsb.fd) (/private/var/folders/kz/rgdbz2xn6zd8lgvjgb0vzvdc0000gn/T/Rtmp7QVNdi/Rd2pdf2f07af93895/Rd2.toc [1{/Users/dr.kipingu/Library/TinyTeX/texmf-var/fonts/map/pdftex/updmap/pdftex.map}{/Users/dr.kipingu/Library/TinyTeX/texmf-dist/fonts/enc/dvips/base/8r.enc}{/Users/dr.kipingu/Library/TinyTeX/texmf-dist/fonts/enc/dvips/inconsolata/i4-t1-0.enc}]) (/Users/dr.kipingu/Library/TinyTeX/texmf-dist/tex/latex/psnfss/ts1ptm.fd) [2]
Overfull \hbox (39.78627pt too wide) in paragraph at lines 89--92
\T1/ptm/m/n/10 points vari-abil-ity, and a neg-a-tive bi-no-mial dis-tributed out-comes. Uses out-put from `sim.scen.longsfe.comint()`
[3] [4] [5] [6] [7]
Overfull \hbox (5.60687pt too wide) in paragraph at lines 349--352
\T1/ptm/m/n/10 fixed ef-fects for in-ter-ven-tion ('intvn'), ran-dom ef-fects for cham-ber vari-abil-ity, and Poisson-distributed
[8] [9] [10]
Overfull \hbox (35.26624pt too wide) in paragraph at lines 492--494
\T1/ptm/m/n/10 ran-dom ef-fects, or fixed ef-fects (no sam-pling dis-tri-bu-tion), us-ing data sim-u-lated by `sim.mosq.longsfe.sinint`. 
[11] [12] [13] [14] [15] [16] [17] [18] [19] [20] [21] [22] [23]
Overfull \hbox (3.67662pt too wide) in paragraph at lines 1164--1166
\T1/ptm/m/n/10 sim-u-lated mosquito counts data from `sim.mosq.longsfe.sinint()` and fits a neg-a-tive bi-no-mial GLMM
[24] [25] [26] [27] [28] [29]
No file Rd2.ind.
[30] (/private/var/folders/kz/rgdbz2xn6zd8lgvjgb0vzvdc0000gn/T/Rtmp7QVNdi/Rd2pdf2f07af93895/Rd2.aux) )
(see the transcript file for additional information)</Users/dr.kipingu/Library/TinyTeX/texmf-dist/fonts/type1/public/inconsolata/Inconsolata-zi4r.pfb></Users/dr.kipingu/Library/TinyTeX/texmf-dist/fonts/type1/urw/times/utmb8a.pfb></Users/dr.kipingu/Library/TinyTeX/texmf-dist/fonts/type1/urw/times/utmr8a.pfb></Users/dr.kipingu/Library/TinyTeX/texmf-dist/fonts/type1/urw/times/utmr8a.pfb></Users/dr.kipingu/Library/TinyTeX/texmf-dist/fonts/type1/urw/times/utmri8a.pfb>
Output written on Rd2.pdf (30 pages, 134282 bytes).
Transcript written on Rd2.log.
Saving output to ‘simpowa-manual.pdf’ ...
Done
You may want to clean up by 'rm -Rf /var/folders/kz/rgdbz2xn6zd8lgvjgb0vzvdc0000gn/T//Rtmp7QVNdi/Rd2pdf2f07af93895'
